<?xml version="1.0" encoding="UTF-8"?>
<!-- Generated by org.testng.reporters.JUnitReportReporter -->
<testsuite hostname="CDC2-D-519QS78" name="selenium.casestudy.Registration" tests="1" failures="0" timestamp="8 Jul 2019 08:05:47 GMT" time="31.496" errors="0">
  <testcase name="testRegistration" time="31.496" classname="selenium.casestudy.Registration"/>
</testsuite> <!-- selenium.casestudy.Registration -->
