<?xml version="1.0" encoding="UTF-8"?>
<!-- Generated by org.testng.reporters.JUnitReportReporter -->
<testsuite hostname="CDC2-D-519QS78" name="selenium.casestudy.NewTest3" tests="1" failures="0" timestamp="8 Jul 2019 06:54:30 GMT" time="10.820" errors="0">
  <testcase name="cart" time="10.820" classname="selenium.casestudy.NewTest3"/>
</testsuite> <!-- selenium.casestudy.NewTest3 -->
